[ 2018-05-16T09:17:26+08:00 ] 127.0.0.1 127.0.0.1 GET /admin/login/index.html
[ log ] admin.florevp.com/admin/login/index.html [运行时间：0.067211s][吞吐率：14.88req/s] [内存消耗：1,469.90kb] [文件加载：50]
[ info ] [ LANG ] D:\wwwroot\floer\thinkphp\lang\zh-cn.php
[ info ] [ ROUTE ] array (
  'type' => 'module',
  'module' => 
  array (
    0 => 'admin',
    1 => 'login',
    2 => 'index',
  ),
)
[ info ] [ HEADER ] array (
  'accept-language' => 'zh-CN,zh;q=0.9',
  'accept-encoding' => 'gzip, deflate',
  'accept' => 'text/html,application/xhtml+xml,application/xml;q=0.9,image/webp,image/apng,*/*;q=0.8',
  'user-agent' => 'Mozilla/5.0 (Windows NT 10.0; WOW64) AppleWebKit/537.36 (KHTML, like Gecko) Chrome/66.0.3359.181 Safari/537.36',
  'upgrade-insecure-requests' => '1',
  'connection' => 'close',
  'host' => 'admin.florevp.com',
)
[ info ] [ PARAM ] array (
)
[ info ] [ RUN ] app\admin\controller\Login->index[ D:\wwwroot\floer\application\admin\controller\Login.php ]
[ info ] [ VIEW ] D:\wwwroot\floer\public/../application/admin\view\login.html [ array (
) ]
[ info ] [ LOG ] INIT File

---------------------------------------------------------------
[ 2018-05-16T09:17:26+08:00 ] 127.0.0.1 127.0.0.1 GET /admin/login/check_verify.html
[ log ] admin.florevp.com/admin/login/check_verify.html [运行时间：0.045570s][吞吐率：21.94req/s] [内存消耗：1,473.29kb] [文件加载：49]
[ info ] [ LANG ] D:\wwwroot\floer\thinkphp\lang\zh-cn.php
[ info ] [ ROUTE ] array (
  'type' => 'module',
  'module' => 
  array (
    0 => 'admin',
    1 => 'login',
    2 => 'check_verify',
  ),
)
[ info ] [ HEADER ] array (
  'accept-language' => 'zh-CN,zh;q=0.9',
  'accept-encoding' => 'gzip, deflate',
  'referer' => 'http://admin.florevp.com/admin/login/index.html',
  'accept' => 'image/webp,image/apng,image/*,*/*;q=0.8',
  'user-agent' => 'Mozilla/5.0 (Windows NT 10.0; WOW64) AppleWebKit/537.36 (KHTML, like Gecko) Chrome/66.0.3359.181 Safari/537.36',
  'connection' => 'close',
  'host' => 'admin.florevp.com',
)
[ info ] [ PARAM ] array (
)
[ info ] [ RUN ] app\admin\controller\Login->check_verify[ D:\wwwroot\floer\application\admin\controller\Login.php ]
[ info ] [ SESSION ] INIT array (
  'id' => '',
  'var_session_id' => '',
  'prefix' => 'think',
  'type' => '',
  'auto_start' => true,
)
[ info ] [ LOG ] INIT File

---------------------------------------------------------------
